[2023-01-26 12:36:55] flarum.ERROR: PDOException: SQLSTATE[HY000] [2002] No connection could be made because the target machine actively refused it in C:\xampp\htdocs\0-yourportofolio\3-projects\3-laravel-projects\forum\vendor\doctrine\dbal\lib\Doctrine\DBAL\Driver\PDOConnection.php:40
Stack trace:
#0 C:\xampp\htdocs\0-yourportofolio\3-projects\3-laravel-projects\forum\vendor\doctrine\dbal\lib\Doctrine\DBAL\Driver\PDOConnection.php(40): PDO->__construct('mysql:host=loca...', 'root', '', Array)
#1 C:\xampp\htdocs\0-yourportofolio\3-projects\3-laravel-projects\forum\vendor\illuminate\database\Connectors\Connector.php(67): Doctrine\DBAL\Driver\PDOConnection->__construct('mysql:host=loca...', 'root', '', Array)
#2 C:\xampp\htdocs\0-yourportofolio\3-projects\3-laravel-projects\forum\vendor\illuminate\database\Connectors\Connector.php(46): Illuminate\Database\Connectors\Connector->createPdoConnection('mysql:host=loca...', 'root', '', Array)
#3 C:\xampp\htdocs\0-yourportofolio\3-projects\3-laravel-projects\forum\vendor\illuminate\database\Connectors\MySqlConnector.php(24): Illuminate\Database\Connectors\Connector->createConnection('mysql:host=loca...', Array, Array)
#4 C:\xampp\htdocs\0-yourportofolio\3-projects\3-laravel-projects\forum\vendor\illuminate\database\Connectors\ConnectionFactory.php(184): Illuminate\Database\Connectors\MySqlConnector->connect(Array)
#5 [internal function]: Illuminate\Database\Connectors\ConnectionFactory->Illuminate\Database\Connectors\{closure}()
#6 C:\xampp\htdocs\0-yourportofolio\3-projects\3-laravel-projects\forum\vendor\illuminate\database\Connection.php(1064): call_user_func(Object(Closure))
#7 C:\xampp\htdocs\0-yourportofolio\3-projects\3-laravel-projects\forum\vendor\illuminate\database\Connection.php(1014): Illuminate\Database\Connection->getPdo()
#8 C:\xampp\htdocs\0-yourportofolio\3-projects\3-laravel-projects\forum\vendor\illuminate\database\Connection.php(994): Illuminate\Database\Connection->getDoctrineConnection()
#9 C:\xampp\htdocs\0-yourportofolio\3-projects\3-laravel-projects\forum\vendor\flarum\core\src\Database\Migrator.php(69): Illuminate\Database\Connection->getDoctrineSchemaManager()
#10 [internal function]: Flarum\Database\Migrator->__construct(Object(Flarum\Database\DatabaseMigrationRepository), Object(Illuminate\Database\MySqlConnection), Object(Illuminate\Filesystem\Filesystem))
#11 C:\xampp\htdocs\0-yourportofolio\3-projects\3-laravel-projects\forum\vendor\illuminate\container\Container.php(917): ReflectionClass->newInstanceArgs(Array)
#12 C:\xampp\htdocs\0-yourportofolio\3-projects\3-laravel-projects\forum\vendor\illuminate\container\Container.php(758): Illuminate\Container\Container->build('Flarum\\Database...')
#13 C:\xampp\htdocs\0-yourportofolio\3-projects\3-laravel-projects\forum\vendor\illuminate\container\Container.php(694): Illuminate\Container\Container->resolve('Flarum\\Database...', Array)
#14 C:\xampp\htdocs\0-yourportofolio\3-projects\3-laravel-projects\forum\vendor\illuminate\container\Container.php(1027): Illuminate\Container\Container->make('Flarum\\Database...')
#15 C:\xampp\htdocs\0-yourportofolio\3-projects\3-laravel-projects\forum\vendor\illuminate\container\Container.php(947): Illuminate\Container\Container->resolveClass(Object(ReflectionParameter))
#16 C:\xampp\htdocs\0-yourportofolio\3-projects\3-laravel-projects\forum\vendor\illuminate\container\Container.php(908): Illuminate\Container\Container->resolveDependencies(Array)
#17 C:\xampp\htdocs\0-yourportofolio\3-projects\3-laravel-projects\forum\vendor\illuminate\container\Container.php(292): Illuminate\Container\Container->build('Flarum\\Extensio...')
#18 C:\xampp\htdocs\0-yourportofolio\3-projects\3-laravel-projects\forum\vendor\illuminate\container\Container.php(873): Illuminate\Container\Container->Illuminate\Container\{closure}(Object(Illuminate\Container\Container), Array)
#19 C:\xampp\htdocs\0-yourportofolio\3-projects\3-laravel-projects\forum\vendor\illuminate\container\Container.php(758): Illuminate\Container\Container->build(Object(Closure))
#20 C:\xampp\htdocs\0-yourportofolio\3-projects\3-laravel-projects\forum\vendor\illuminate\container\Container.php(694): Illuminate\Container\Container->resolve('Flarum\\Extensio...', Array)
#21 C:\xampp\htdocs\0-yourportofolio\3-projects\3-laravel-projects\forum\vendor\flarum\core\src\Extension\ExtensionServiceProvider.php(31): Illuminate\Container\Container->make('flarum.extensio...')
#22 [internal function]: Flarum\Extension\ExtensionServiceProvider->Flarum\Extension\{closure}(Object(Flarum\Foundation\Application))
#23 C:\xampp\htdocs\0-yourportofolio\3-projects\3-laravel-projects\forum\vendor\flarum\core\src\Foundation\Application.php(329): call_user_func(Object(Closure), Object(Flarum\Foundation\Application))
#24 C:\xampp\htdocs\0-yourportofolio\3-projects\3-laravel-projects\forum\vendor\flarum\core\src\Foundation\Application.php(270): Flarum\Foundation\Application->fireAppCallbacks(Array)
#25 C:\xampp\htdocs\0-yourportofolio\3-projects\3-laravel-projects\forum\vendor\flarum\core\src\Foundation\InstalledSite.php(151): Flarum\Foundation\Application->boot()
#26 C:\xampp\htdocs\0-yourportofolio\3-projects\3-laravel-projects\forum\vendor\flarum\core\src\Foundation\InstalledSite.php(82): Flarum\Foundation\InstalledSite->bootLaravel()
#27 C:\xampp\htdocs\0-yourportofolio\3-projects\3-laravel-projects\forum\vendor\flarum\core\src\Http\Server.php(59): Flarum\Foundation\InstalledSite->bootApp()
#28 C:\xampp\htdocs\0-yourportofolio\3-projects\3-laravel-projects\forum\vendor\flarum\core\src\Http\Server.php(36): Flarum\Http\Server->safelyBootAndGetHandler()
#29 C:\xampp\htdocs\0-yourportofolio\3-projects\3-laravel-projects\forum\public\index.php(26): Flarum\Http\Server->listen()
#30 {main}

Next Doctrine\DBAL\Driver\PDO\Exception: SQLSTATE[HY000] [2002] No connection could be made because the target machine actively refused it in C:\xampp\htdocs\0-yourportofolio\3-projects\3-laravel-projects\forum\vendor\doctrine\dbal\lib\Doctrine\DBAL\Driver\PDO\Exception.php:18
Stack trace:
#0 C:\xampp\htdocs\0-yourportofolio\3-projects\3-laravel-projects\forum\vendor\doctrine\dbal\lib\Doctrine\DBAL\Driver\PDOConnection.php(44): Doctrine\DBAL\Driver\PDO\Exception::new(Object(PDOException))
#1 C:\xampp\htdocs\0-yourportofolio\3-projects\3-laravel-projects\forum\vendor\illuminate\database\Connectors\Connector.php(67): Doctrine\DBAL\Driver\PDOConnection->__construct('mysql:host=loca...', 'root', '', Array)
#2 C:\xampp\htdocs\0-yourportofolio\3-projects\3-laravel-projects\forum\vendor\illuminate\database\Connectors\Connector.php(46): Illuminate\Database\Connectors\Connector->createPdoConnection('mysql:host=loca...', 'root', '', Array)
#3 C:\xampp\htdocs\0-yourportofolio\3-projects\3-laravel-projects\forum\vendor\illuminate\database\Connectors\MySqlConnector.php(24): Illuminate\Database\Connectors\Connector->createConnection('mysql:host=loca...', Array, Array)
#4 C:\xampp\htdocs\0-yourportofolio\3-projects\3-laravel-projects\forum\vendor\illuminate\database\Connectors\ConnectionFactory.php(184): Illuminate\Database\Connectors\MySqlConnector->connect(Array)
#5 [internal function]: Illuminate\Database\Connectors\ConnectionFactory->Illuminate\Database\Connectors\{closure}()
#6 C:\xampp\htdocs\0-yourportofolio\3-projects\3-laravel-projects\forum\vendor\illuminate\database\Connection.php(1064): call_user_func(Object(Closure))
#7 C:\xampp\htdocs\0-yourportofolio\3-projects\3-laravel-projects\forum\vendor\illuminate\database\Connection.php(1014): Illuminate\Database\Connection->getPdo()
#8 C:\xampp\htdocs\0-yourportofolio\3-projects\3-laravel-projects\forum\vendor\illuminate\database\Connection.php(994): Illuminate\Database\Connection->getDoctrineConnection()
#9 C:\xampp\htdocs\0-yourportofolio\3-projects\3-laravel-projects\forum\vendor\flarum\core\src\Database\Migrator.php(69): Illuminate\Database\Connection->getDoctrineSchemaManager()
#10 [internal function]: Flarum\Database\Migrator->__construct(Object(Flarum\Database\DatabaseMigrationRepository), Object(Illuminate\Database\MySqlConnection), Object(Illuminate\Filesystem\Filesystem))
#11 C:\xampp\htdocs\0-yourportofolio\3-projects\3-laravel-projects\forum\vendor\illuminate\container\Container.php(917): ReflectionClass->newInstanceArgs(Array)
#12 C:\xampp\htdocs\0-yourportofolio\3-projects\3-laravel-projects\forum\vendor\illuminate\container\Container.php(758): Illuminate\Container\Container->build('Flarum\\Database...')
#13 C:\xampp\htdocs\0-yourportofolio\3-projects\3-laravel-projects\forum\vendor\illuminate\container\Container.php(694): Illuminate\Container\Container->resolve('Flarum\\Database...', Array)
#14 C:\xampp\htdocs\0-yourportofolio\3-projects\3-laravel-projects\forum\vendor\illuminate\container\Container.php(1027): Illuminate\Container\Container->make('Flarum\\Database...')
#15 C:\xampp\htdocs\0-yourportofolio\3-projects\3-laravel-projects\forum\vendor\illuminate\container\Container.php(947): Illuminate\Container\Container->resolveClass(Object(ReflectionParameter))
#16 C:\xampp\htdocs\0-yourportofolio\3-projects\3-laravel-projects\forum\vendor\illuminate\container\Container.php(908): Illuminate\Container\Container->resolveDependencies(Array)
#17 C:\xampp\htdocs\0-yourportofolio\3-projects\3-laravel-projects\forum\vendor\illuminate\container\Container.php(292): Illuminate\Container\Container->build('Flarum\\Extensio...')
#18 C:\xampp\htdocs\0-yourportofolio\3-projects\3-laravel-projects\forum\vendor\illuminate\container\Container.php(873): Illuminate\Container\Container->Illuminate\Container\{closure}(Object(Illuminate\Container\Container), Array)
#19 C:\xampp\htdocs\0-yourportofolio\3-projects\3-laravel-projects\forum\vendor\illuminate\container\Container.php(758): Illuminate\Container\Container->build(Object(Closure))
#20 C:\xampp\htdocs\0-yourportofolio\3-projects\3-laravel-projects\forum\vendor\illuminate\container\Container.php(694): Illuminate\Container\Container->resolve('Flarum\\Extensio...', Array)
#21 C:\xampp\htdocs\0-yourportofolio\3-projects\3-laravel-projects\forum\vendor\flarum\core\src\Extension\ExtensionServiceProvider.php(31): Illuminate\Container\Container->make('flarum.extensio...')
#22 [internal function]: Flarum\Extension\ExtensionServiceProvider->Flarum\Extension\{closure}(Object(Flarum\Foundation\Application))
#23 C:\xampp\htdocs\0-yourportofolio\3-projects\3-laravel-projects\forum\vendor\flarum\core\src\Foundation\Application.php(329): call_user_func(Object(Closure), Object(Flarum\Foundation\Application))
#24 C:\xampp\htdocs\0-yourportofolio\3-projects\3-laravel-projects\forum\vendor\flarum\core\src\Foundation\Application.php(270): Flarum\Foundation\Application->fireAppCallbacks(Array)
#25 C:\xampp\htdocs\0-yourportofolio\3-projects\3-laravel-projects\forum\vendor\flarum\core\src\Foundation\InstalledSite.php(151): Flarum\Foundation\Application->boot()
#26 C:\xampp\htdocs\0-yourportofolio\3-projects\3-laravel-projects\forum\vendor\flarum\core\src\Foundation\InstalledSite.php(82): Flarum\Foundation\InstalledSite->bootLaravel()
#27 C:\xampp\htdocs\0-yourportofolio\3-projects\3-laravel-projects\forum\vendor\flarum\core\src\Http\Server.php(59): Flarum\Foundation\InstalledSite->bootApp()
#28 C:\xampp\htdocs\0-yourportofolio\3-projects\3-laravel-projects\forum\vendor\flarum\core\src\Http\Server.php(36): Flarum\Http\Server->safelyBootAndGetHandler()
#29 C:\xampp\htdocs\0-yourportofolio\3-projects\3-laravel-projects\forum\public\index.php(26): Flarum\Http\Server->listen()
#30 {main}  
[2023-01-26 12:36:59] flarum.ERROR: PDOException: SQLSTATE[HY000] [2002] No connection could be made because the target machine actively refused it in C:\xampp\htdocs\0-yourportofolio\3-projects\3-laravel-projects\forum\vendor\doctrine\dbal\lib\Doctrine\DBAL\Driver\PDOConnection.php:40
Stack trace:
#0 C:\xampp\htdocs\0-yourportofolio\3-projects\3-laravel-projects\forum\vendor\doctrine\dbal\lib\Doctrine\DBAL\Driver\PDOConnection.php(40): PDO->__construct('mysql:host=loca...', 'root', '', Array)
#1 C:\xampp\htdocs\0-yourportofolio\3-projects\3-laravel-projects\forum\vendor\illuminate\database\Connectors\Connector.php(67): Doctrine\DBAL\Driver\PDOConnection->__construct('mysql:host=loca...', 'root', '', Array)
#2 C:\xampp\htdocs\0-yourportofolio\3-projects\3-laravel-projects\forum\vendor\illuminate\database\Connectors\Connector.php(46): Illuminate\Database\Connectors\Connector->createPdoConnection('mysql:host=loca...', 'root', '', Array)
#3 C:\xampp\htdocs\0-yourportofolio\3-projects\3-laravel-projects\forum\vendor\illuminate\database\Connectors\MySqlConnector.php(24): Illuminate\Database\Connectors\Connector->createConnection('mysql:host=loca...', Array, Array)
#4 C:\xampp\htdocs\0-yourportofolio\3-projects\3-laravel-projects\forum\vendor\illuminate\database\Connectors\ConnectionFactory.php(184): Illuminate\Database\Connectors\MySqlConnector->connect(Array)
#5 [internal function]: Illuminate\Database\Connectors\ConnectionFactory->Illuminate\Database\Connectors\{closure}()
#6 C:\xampp\htdocs\0-yourportofolio\3-projects\3-laravel-projects\forum\vendor\illuminate\database\Connection.php(1064): call_user_func(Object(Closure))
#7 C:\xampp\htdocs\0-yourportofolio\3-projects\3-laravel-projects\forum\vendor\illuminate\database\Connection.php(1014): Illuminate\Database\Connection->getPdo()
#8 C:\xampp\htdocs\0-yourportofolio\3-projects\3-laravel-projects\forum\vendor\illuminate\database\Connection.php(994): Illuminate\Database\Connection->getDoctrineConnection()
#9 C:\xampp\htdocs\0-yourportofolio\3-projects\3-laravel-projects\forum\vendor\flarum\core\src\Database\Migrator.php(69): Illuminate\Database\Connection->getDoctrineSchemaManager()
#10 [internal function]: Flarum\Database\Migrator->__construct(Object(Flarum\Database\DatabaseMigrationRepository), Object(Illuminate\Database\MySqlConnection), Object(Illuminate\Filesystem\Filesystem))
#11 C:\xampp\htdocs\0-yourportofolio\3-projects\3-laravel-projects\forum\vendor\illuminate\container\Container.php(917): ReflectionClass->newInstanceArgs(Array)
#12 C:\xampp\htdocs\0-yourportofolio\3-projects\3-laravel-projects\forum\vendor\illuminate\container\Container.php(758): Illuminate\Container\Container->build('Flarum\\Database...')
#13 C:\xampp\htdocs\0-yourportofolio\3-projects\3-laravel-projects\forum\vendor\illuminate\container\Container.php(694): Illuminate\Container\Container->resolve('Flarum\\Database...', Array)
#14 C:\xampp\htdocs\0-yourportofolio\3-projects\3-laravel-projects\forum\vendor\illuminate\container\Container.php(1027): Illuminate\Container\Container->make('Flarum\\Database...')
#15 C:\xampp\htdocs\0-yourportofolio\3-projects\3-laravel-projects\forum\vendor\illuminate\container\Container.php(947): Illuminate\Container\Container->resolveClass(Object(ReflectionParameter))
#16 C:\xampp\htdocs\0-yourportofolio\3-projects\3-laravel-projects\forum\vendor\illuminate\container\Container.php(908): Illuminate\Container\Container->resolveDependencies(Array)
#17 C:\xampp\htdocs\0-yourportofolio\3-projects\3-laravel-projects\forum\vendor\illuminate\container\Container.php(292): Illuminate\Container\Container->build('Flarum\\Extensio...')
#18 C:\xampp\htdocs\0-yourportofolio\3-projects\3-laravel-projects\forum\vendor\illuminate\container\Container.php(873): Illuminate\Container\Container->Illuminate\Container\{closure}(Object(Illuminate\Container\Container), Array)
#19 C:\xampp\htdocs\0-yourportofolio\3-projects\3-laravel-projects\forum\vendor\illuminate\container\Container.php(758): Illuminate\Container\Container->build(Object(Closure))
#20 C:\xampp\htdocs\0-yourportofolio\3-projects\3-laravel-projects\forum\vendor\illuminate\container\Container.php(694): Illuminate\Container\Container->resolve('Flarum\\Extensio...', Array)
#21 C:\xampp\htdocs\0-yourportofolio\3-projects\3-laravel-projects\forum\vendor\flarum\core\src\Extension\ExtensionServiceProvider.php(31): Illuminate\Container\Container->make('flarum.extensio...')
#22 [internal function]: Flarum\Extension\ExtensionServiceProvider->Flarum\Extension\{closure}(Object(Flarum\Foundation\Application))
#23 C:\xampp\htdocs\0-yourportofolio\3-projects\3-laravel-projects\forum\vendor\flarum\core\src\Foundation\Application.php(329): call_user_func(Object(Closure), Object(Flarum\Foundation\Application))
#24 C:\xampp\htdocs\0-yourportofolio\3-projects\3-laravel-projects\forum\vendor\flarum\core\src\Foundation\Application.php(270): Flarum\Foundation\Application->fireAppCallbacks(Array)
#25 C:\xampp\htdocs\0-yourportofolio\3-projects\3-laravel-projects\forum\vendor\flarum\core\src\Foundation\InstalledSite.php(151): Flarum\Foundation\Application->boot()
#26 C:\xampp\htdocs\0-yourportofolio\3-projects\3-laravel-projects\forum\vendor\flarum\core\src\Foundation\InstalledSite.php(82): Flarum\Foundation\InstalledSite->bootLaravel()
#27 C:\xampp\htdocs\0-yourportofolio\3-projects\3-laravel-projects\forum\vendor\flarum\core\src\Http\Server.php(59): Flarum\Foundation\InstalledSite->bootApp()
#28 C:\xampp\htdocs\0-yourportofolio\3-projects\3-laravel-projects\forum\vendor\flarum\core\src\Http\Server.php(36): Flarum\Http\Server->safelyBootAndGetHandler()
#29 C:\xampp\htdocs\0-yourportofolio\3-projects\3-laravel-projects\forum\public\index.php(26): Flarum\Http\Server->listen()
#30 {main}

Next Doctrine\DBAL\Driver\PDO\Exception: SQLSTATE[HY000] [2002] No connection could be made because the target machine actively refused it in C:\xampp\htdocs\0-yourportofolio\3-projects\3-laravel-projects\forum\vendor\doctrine\dbal\lib\Doctrine\DBAL\Driver\PDO\Exception.php:18
Stack trace:
#0 C:\xampp\htdocs\0-yourportofolio\3-projects\3-laravel-projects\forum\vendor\doctrine\dbal\lib\Doctrine\DBAL\Driver\PDOConnection.php(44): Doctrine\DBAL\Driver\PDO\Exception::new(Object(PDOException))
#1 C:\xampp\htdocs\0-yourportofolio\3-projects\3-laravel-projects\forum\vendor\illuminate\database\Connectors\Connector.php(67): Doctrine\DBAL\Driver\PDOConnection->__construct('mysql:host=loca...', 'root', '', Array)
#2 C:\xampp\htdocs\0-yourportofolio\3-projects\3-laravel-projects\forum\vendor\illuminate\database\Connectors\Connector.php(46): Illuminate\Database\Connectors\Connector->createPdoConnection('mysql:host=loca...', 'root', '', Array)
#3 C:\xampp\htdocs\0-yourportofolio\3-projects\3-laravel-projects\forum\vendor\illuminate\database\Connectors\MySqlConnector.php(24): Illuminate\Database\Connectors\Connector->createConnection('mysql:host=loca...', Array, Array)
#4 C:\xampp\htdocs\0-yourportofolio\3-projects\3-laravel-projects\forum\vendor\illuminate\database\Connectors\ConnectionFactory.php(184): Illuminate\Database\Connectors\MySqlConnector->connect(Array)
#5 [internal function]: Illuminate\Database\Connectors\ConnectionFactory->Illuminate\Database\Connectors\{closure}()
#6 C:\xampp\htdocs\0-yourportofolio\3-projects\3-laravel-projects\forum\vendor\illuminate\database\Connection.php(1064): call_user_func(Object(Closure))
#7 C:\xampp\htdocs\0-yourportofolio\3-projects\3-laravel-projects\forum\vendor\illuminate\database\Connection.php(1014): Illuminate\Database\Connection->getPdo()
#8 C:\xampp\htdocs\0-yourportofolio\3-projects\3-laravel-projects\forum\vendor\illuminate\database\Connection.php(994): Illuminate\Database\Connection->getDoctrineConnection()
#9 C:\xampp\htdocs\0-yourportofolio\3-projects\3-laravel-projects\forum\vendor\flarum\core\src\Database\Migrator.php(69): Illuminate\Database\Connection->getDoctrineSchemaManager()
#10 [internal function]: Flarum\Database\Migrator->__construct(Object(Flarum\Database\DatabaseMigrationRepository), Object(Illuminate\Database\MySqlConnection), Object(Illuminate\Filesystem\Filesystem))
#11 C:\xampp\htdocs\0-yourportofolio\3-projects\3-laravel-projects\forum\vendor\illuminate\container\Container.php(917): ReflectionClass->newInstanceArgs(Array)
#12 C:\xampp\htdocs\0-yourportofolio\3-projects\3-laravel-projects\forum\vendor\illuminate\container\Container.php(758): Illuminate\Container\Container->build('Flarum\\Database...')
#13 C:\xampp\htdocs\0-yourportofolio\3-projects\3-laravel-projects\forum\vendor\illuminate\container\Container.php(694): Illuminate\Container\Container->resolve('Flarum\\Database...', Array)
#14 C:\xampp\htdocs\0-yourportofolio\3-projects\3-laravel-projects\forum\vendor\illuminate\container\Container.php(1027): Illuminate\Container\Container->make('Flarum\\Database...')
#15 C:\xampp\htdocs\0-yourportofolio\3-projects\3-laravel-projects\forum\vendor\illuminate\container\Container.php(947): Illuminate\Container\Container->resolveClass(Object(ReflectionParameter))
#16 C:\xampp\htdocs\0-yourportofolio\3-projects\3-laravel-projects\forum\vendor\illuminate\container\Container.php(908): Illuminate\Container\Container->resolveDependencies(Array)
#17 C:\xampp\htdocs\0-yourportofolio\3-projects\3-laravel-projects\forum\vendor\illuminate\container\Container.php(292): Illuminate\Container\Container->build('Flarum\\Extensio...')
#18 C:\xampp\htdocs\0-yourportofolio\3-projects\3-laravel-projects\forum\vendor\illuminate\container\Container.php(873): Illuminate\Container\Container->Illuminate\Container\{closure}(Object(Illuminate\Container\Container), Array)
#19 C:\xampp\htdocs\0-yourportofolio\3-projects\3-laravel-projects\forum\vendor\illuminate\container\Container.php(758): Illuminate\Container\Container->build(Object(Closure))
#20 C:\xampp\htdocs\0-yourportofolio\3-projects\3-laravel-projects\forum\vendor\illuminate\container\Container.php(694): Illuminate\Container\Container->resolve('Flarum\\Extensio...', Array)
#21 C:\xampp\htdocs\0-yourportofolio\3-projects\3-laravel-projects\forum\vendor\flarum\core\src\Extension\ExtensionServiceProvider.php(31): Illuminate\Container\Container->make('flarum.extensio...')
#22 [internal function]: Flarum\Extension\ExtensionServiceProvider->Flarum\Extension\{closure}(Object(Flarum\Foundation\Application))
#23 C:\xampp\htdocs\0-yourportofolio\3-projects\3-laravel-projects\forum\vendor\flarum\core\src\Foundation\Application.php(329): call_user_func(Object(Closure), Object(Flarum\Foundation\Application))
#24 C:\xampp\htdocs\0-yourportofolio\3-projects\3-laravel-projects\forum\vendor\flarum\core\src\Foundation\Application.php(270): Flarum\Foundation\Application->fireAppCallbacks(Array)
#25 C:\xampp\htdocs\0-yourportofolio\3-projects\3-laravel-projects\forum\vendor\flarum\core\src\Foundation\InstalledSite.php(151): Flarum\Foundation\Application->boot()
#26 C:\xampp\htdocs\0-yourportofolio\3-projects\3-laravel-projects\forum\vendor\flarum\core\src\Foundation\InstalledSite.php(82): Flarum\Foundation\InstalledSite->bootLaravel()
#27 C:\xampp\htdocs\0-yourportofolio\3-projects\3-laravel-projects\forum\vendor\flarum\core\src\Http\Server.php(59): Flarum\Foundation\InstalledSite->bootApp()
#28 C:\xampp\htdocs\0-yourportofolio\3-projects\3-laravel-projects\forum\vendor\flarum\core\src\Http\Server.php(36): Flarum\Http\Server->safelyBootAndGetHandler()
#29 C:\xampp\htdocs\0-yourportofolio\3-projects\3-laravel-projects\forum\public\index.php(26): Flarum\Http\Server->listen()
#30 {main}  
[2023-01-26 12:37:03] flarum.ERROR: PDOException: SQLSTATE[HY000] [2002] No connection could be made because the target machine actively refused it in C:\xampp\htdocs\0-yourportofolio\3-projects\3-laravel-projects\forum\vendor\doctrine\dbal\lib\Doctrine\DBAL\Driver\PDOConnection.php:40
Stack trace:
#0 C:\xampp\htdocs\0-yourportofolio\3-projects\3-laravel-projects\forum\vendor\doctrine\dbal\lib\Doctrine\DBAL\Driver\PDOConnection.php(40): PDO->__construct('mysql:host=loca...', 'root', '', Array)
#1 C:\xampp\htdocs\0-yourportofolio\3-projects\3-laravel-projects\forum\vendor\illuminate\database\Connectors\Connector.php(67): Doctrine\DBAL\Driver\PDOConnection->__construct('mysql:host=loca...', 'root', '', Array)
#2 C:\xampp\htdocs\0-yourportofolio\3-projects\3-laravel-projects\forum\vendor\illuminate\database\Connectors\Connector.php(46): Illuminate\Database\Connectors\Connector->createPdoConnection('mysql:host=loca...', 'root', '', Array)
#3 C:\xampp\htdocs\0-yourportofolio\3-projects\3-laravel-projects\forum\vendor\illuminate\database\Connectors\MySqlConnector.php(24): Illuminate\Database\Connectors\Connector->createConnection('mysql:host=loca...', Array, Array)
#4 C:\xampp\htdocs\0-yourportofolio\3-projects\3-laravel-projects\forum\vendor\illuminate\database\Connectors\ConnectionFactory.php(184): Illuminate\Database\Connectors\MySqlConnector->connect(Array)
#5 [internal function]: Illuminate\Database\Connectors\ConnectionFactory->Illuminate\Database\Connectors\{closure}()
#6 C:\xampp\htdocs\0-yourportofolio\3-projects\3-laravel-projects\forum\vendor\illuminate\database\Connection.php(1064): call_user_func(Object(Closure))
#7 C:\xampp\htdocs\0-yourportofolio\3-projects\3-laravel-projects\forum\vendor\illuminate\database\Connection.php(1014): Illuminate\Database\Connection->getPdo()
#8 C:\xampp\htdocs\0-yourportofolio\3-projects\3-laravel-projects\forum\vendor\illuminate\database\Connection.php(994): Illuminate\Database\Connection->getDoctrineConnection()
#9 C:\xampp\htdocs\0-yourportofolio\3-projects\3-laravel-projects\forum\vendor\flarum\core\src\Database\Migrator.php(69): Illuminate\Database\Connection->getDoctrineSchemaManager()
#10 [internal function]: Flarum\Database\Migrator->__construct(Object(Flarum\Database\DatabaseMigrationRepository), Object(Illuminate\Database\MySqlConnection), Object(Illuminate\Filesystem\Filesystem))
#11 C:\xampp\htdocs\0-yourportofolio\3-projects\3-laravel-projects\forum\vendor\illuminate\container\Container.php(917): ReflectionClass->newInstanceArgs(Array)
#12 C:\xampp\htdocs\0-yourportofolio\3-projects\3-laravel-projects\forum\vendor\illuminate\container\Container.php(758): Illuminate\Container\Container->build('Flarum\\Database...')
#13 C:\xampp\htdocs\0-yourportofolio\3-projects\3-laravel-projects\forum\vendor\illuminate\container\Container.php(694): Illuminate\Container\Container->resolve('Flarum\\Database...', Array)
#14 C:\xampp\htdocs\0-yourportofolio\3-projects\3-laravel-projects\forum\vendor\illuminate\container\Container.php(1027): Illuminate\Container\Container->make('Flarum\\Database...')
#15 C:\xampp\htdocs\0-yourportofolio\3-projects\3-laravel-projects\forum\vendor\illuminate\container\Container.php(947): Illuminate\Container\Container->resolveClass(Object(ReflectionParameter))
#16 C:\xampp\htdocs\0-yourportofolio\3-projects\3-laravel-projects\forum\vendor\illuminate\container\Container.php(908): Illuminate\Container\Container->resolveDependencies(Array)
#17 C:\xampp\htdocs\0-yourportofolio\3-projects\3-laravel-projects\forum\vendor\illuminate\container\Container.php(292): Illuminate\Container\Container->build('Flarum\\Extensio...')
#18 C:\xampp\htdocs\0-yourportofolio\3-projects\3-laravel-projects\forum\vendor\illuminate\container\Container.php(873): Illuminate\Container\Container->Illuminate\Container\{closure}(Object(Illuminate\Container\Container), Array)
#19 C:\xampp\htdocs\0-yourportofolio\3-projects\3-laravel-projects\forum\vendor\illuminate\container\Container.php(758): Illuminate\Container\Container->build(Object(Closure))
#20 C:\xampp\htdocs\0-yourportofolio\3-projects\3-laravel-projects\forum\vendor\illuminate\container\Container.php(694): Illuminate\Container\Container->resolve('Flarum\\Extensio...', Array)
#21 C:\xampp\htdocs\0-yourportofolio\3-projects\3-laravel-projects\forum\vendor\flarum\core\src\Extension\ExtensionServiceProvider.php(31): Illuminate\Container\Container->make('flarum.extensio...')
#22 [internal function]: Flarum\Extension\ExtensionServiceProvider->Flarum\Extension\{closure}(Object(Flarum\Foundation\Application))
#23 C:\xampp\htdocs\0-yourportofolio\3-projects\3-laravel-projects\forum\vendor\flarum\core\src\Foundation\Application.php(329): call_user_func(Object(Closure), Object(Flarum\Foundation\Application))
#24 C:\xampp\htdocs\0-yourportofolio\3-projects\3-laravel-projects\forum\vendor\flarum\core\src\Foundation\Application.php(270): Flarum\Foundation\Application->fireAppCallbacks(Array)
#25 C:\xampp\htdocs\0-yourportofolio\3-projects\3-laravel-projects\forum\vendor\flarum\core\src\Foundation\InstalledSite.php(151): Flarum\Foundation\Application->boot()
#26 C:\xampp\htdocs\0-yourportofolio\3-projects\3-laravel-projects\forum\vendor\flarum\core\src\Foundation\InstalledSite.php(82): Flarum\Foundation\InstalledSite->bootLaravel()
#27 C:\xampp\htdocs\0-yourportofolio\3-projects\3-laravel-projects\forum\vendor\flarum\core\src\Http\Server.php(59): Flarum\Foundation\InstalledSite->bootApp()
#28 C:\xampp\htdocs\0-yourportofolio\3-projects\3-laravel-projects\forum\vendor\flarum\core\src\Http\Server.php(36): Flarum\Http\Server->safelyBootAndGetHandler()
#29 C:\xampp\htdocs\0-yourportofolio\3-projects\3-laravel-projects\forum\public\index.php(26): Flarum\Http\Server->listen()
#30 {main}

Next Doctrine\DBAL\Driver\PDO\Exception: SQLSTATE[HY000] [2002] No connection could be made because the target machine actively refused it in C:\xampp\htdocs\0-yourportofolio\3-projects\3-laravel-projects\forum\vendor\doctrine\dbal\lib\Doctrine\DBAL\Driver\PDO\Exception.php:18
Stack trace:
#0 C:\xampp\htdocs\0-yourportofolio\3-projects\3-laravel-projects\forum\vendor\doctrine\dbal\lib\Doctrine\DBAL\Driver\PDOConnection.php(44): Doctrine\DBAL\Driver\PDO\Exception::new(Object(PDOException))
#1 C:\xampp\htdocs\0-yourportofolio\3-projects\3-laravel-projects\forum\vendor\illuminate\database\Connectors\Connector.php(67): Doctrine\DBAL\Driver\PDOConnection->__construct('mysql:host=loca...', 'root', '', Array)
#2 C:\xampp\htdocs\0-yourportofolio\3-projects\3-laravel-projects\forum\vendor\illuminate\database\Connectors\Connector.php(46): Illuminate\Database\Connectors\Connector->createPdoConnection('mysql:host=loca...', 'root', '', Array)
#3 C:\xampp\htdocs\0-yourportofolio\3-projects\3-laravel-projects\forum\vendor\illuminate\database\Connectors\MySqlConnector.php(24): Illuminate\Database\Connectors\Connector->createConnection('mysql:host=loca...', Array, Array)
#4 C:\xampp\htdocs\0-yourportofolio\3-projects\3-laravel-projects\forum\vendor\illuminate\database\Connectors\ConnectionFactory.php(184): Illuminate\Database\Connectors\MySqlConnector->connect(Array)
#5 [internal function]: Illuminate\Database\Connectors\ConnectionFactory->Illuminate\Database\Connectors\{closure}()
#6 C:\xampp\htdocs\0-yourportofolio\3-projects\3-laravel-projects\forum\vendor\illuminate\database\Connection.php(1064): call_user_func(Object(Closure))
#7 C:\xampp\htdocs\0-yourportofolio\3-projects\3-laravel-projects\forum\vendor\illuminate\database\Connection.php(1014): Illuminate\Database\Connection->getPdo()
#8 C:\xampp\htdocs\0-yourportofolio\3-projects\3-laravel-projects\forum\vendor\illuminate\database\Connection.php(994): Illuminate\Database\Connection->getDoctrineConnection()
#9 C:\xampp\htdocs\0-yourportofolio\3-projects\3-laravel-projects\forum\vendor\flarum\core\src\Database\Migrator.php(69): Illuminate\Database\Connection->getDoctrineSchemaManager()
#10 [internal function]: Flarum\Database\Migrator->__construct(Object(Flarum\Database\DatabaseMigrationRepository), Object(Illuminate\Database\MySqlConnection), Object(Illuminate\Filesystem\Filesystem))
#11 C:\xampp\htdocs\0-yourportofolio\3-projects\3-laravel-projects\forum\vendor\illuminate\container\Container.php(917): ReflectionClass->newInstanceArgs(Array)
#12 C:\xampp\htdocs\0-yourportofolio\3-projects\3-laravel-projects\forum\vendor\illuminate\container\Container.php(758): Illuminate\Container\Container->build('Flarum\\Database...')
#13 C:\xampp\htdocs\0-yourportofolio\3-projects\3-laravel-projects\forum\vendor\illuminate\container\Container.php(694): Illuminate\Container\Container->resolve('Flarum\\Database...', Array)
#14 C:\xampp\htdocs\0-yourportofolio\3-projects\3-laravel-projects\forum\vendor\illuminate\container\Container.php(1027): Illuminate\Container\Container->make('Flarum\\Database...')
#15 C:\xampp\htdocs\0-yourportofolio\3-projects\3-laravel-projects\forum\vendor\illuminate\container\Container.php(947): Illuminate\Container\Container->resolveClass(Object(ReflectionParameter))
#16 C:\xampp\htdocs\0-yourportofolio\3-projects\3-laravel-projects\forum\vendor\illuminate\container\Container.php(908): Illuminate\Container\Container->resolveDependencies(Array)
#17 C:\xampp\htdocs\0-yourportofolio\3-projects\3-laravel-projects\forum\vendor\illuminate\container\Container.php(292): Illuminate\Container\Container->build('Flarum\\Extensio...')
#18 C:\xampp\htdocs\0-yourportofolio\3-projects\3-laravel-projects\forum\vendor\illuminate\container\Container.php(873): Illuminate\Container\Container->Illuminate\Container\{closure}(Object(Illuminate\Container\Container), Array)
#19 C:\xampp\htdocs\0-yourportofolio\3-projects\3-laravel-projects\forum\vendor\illuminate\container\Container.php(758): Illuminate\Container\Container->build(Object(Closure))
#20 C:\xampp\htdocs\0-yourportofolio\3-projects\3-laravel-projects\forum\vendor\illuminate\container\Container.php(694): Illuminate\Container\Container->resolve('Flarum\\Extensio...', Array)
#21 C:\xampp\htdocs\0-yourportofolio\3-projects\3-laravel-projects\forum\vendor\flarum\core\src\Extension\ExtensionServiceProvider.php(31): Illuminate\Container\Container->make('flarum.extensio...')
#22 [internal function]: Flarum\Extension\ExtensionServiceProvider->Flarum\Extension\{closure}(Object(Flarum\Foundation\Application))
#23 C:\xampp\htdocs\0-yourportofolio\3-projects\3-laravel-projects\forum\vendor\flarum\core\src\Foundation\Application.php(329): call_user_func(Object(Closure), Object(Flarum\Foundation\Application))
#24 C:\xampp\htdocs\0-yourportofolio\3-projects\3-laravel-projects\forum\vendor\flarum\core\src\Foundation\Application.php(270): Flarum\Foundation\Application->fireAppCallbacks(Array)
#25 C:\xampp\htdocs\0-yourportofolio\3-projects\3-laravel-projects\forum\vendor\flarum\core\src\Foundation\InstalledSite.php(151): Flarum\Foundation\Application->boot()
#26 C:\xampp\htdocs\0-yourportofolio\3-projects\3-laravel-projects\forum\vendor\flarum\core\src\Foundation\InstalledSite.php(82): Flarum\Foundation\InstalledSite->bootLaravel()
#27 C:\xampp\htdocs\0-yourportofolio\3-projects\3-laravel-projects\forum\vendor\flarum\core\src\Http\Server.php(59): Flarum\Foundation\InstalledSite->bootApp()
#28 C:\xampp\htdocs\0-yourportofolio\3-projects\3-laravel-projects\forum\vendor\flarum\core\src\Http\Server.php(36): Flarum\Http\Server->safelyBootAndGetHandler()
#29 C:\xampp\htdocs\0-yourportofolio\3-projects\3-laravel-projects\forum\public\index.php(26): Flarum\Http\Server->listen()
#30 {main}  
